<?xml version="1.0" encoding="UTF-8"?>
<testsuite name="CardGameTest" tests="1" skipped="0" failures="0" errors="0" timestamp="2023-07-26T17:17:11" hostname="DESKTOP-PK5VOER" time="0.647">
  <properties/>
  <testcase name="start" classname="CardGameTest" time="0.647"/>
  <system-out><![CDATA[?[1;31m
Start test 1?[0m
Choose an action (reset, shuffle, get, exit):
> reset
Card deck is reset.
Choose an action (reset, shuffle, get, exit):
> get
Number of cards:
> 10
A♦ A♥ A♠ A♣ 2♦ 2♥ 2♠ 2♣ 3♦ 3♥
Choose an action (reset, shuffle, get, exit):
> get
Number of cards:
> 43
The remaining cards are insufficient to meet the request.
Choose an action (reset, shuffle, get, exit):
> reset
Card deck is reset.
Choose an action (reset, shuffle, get, exit):
> get
Number of cards:
> 52
A♦ A♥ A♠ A♣ 2♦ 2♥ 2♠ 2♣ 3♦ 3♥ 3♠ 3♣ 4♦ 4♥ 4♠ 4♣ 5♦ 5♥ 5♠ 5♣ 6♦ 6♥ 6♠ 6♣ 7♦ 7♥ 7♠ 7♣ 8♦ 8♥ 8♠ 8♣ 9♦ 9♥ 9♠ 9♣ 10♦ 10♥ 10♠ 10♣ J♦ J♥ J♠ J♣ Q♦ Q♥ Q♠ Q♣ K♦ K♥ K♠ K♣
Choose an action (reset, shuffle, get, exit):
> get
Number of cards:
> 1
The remaining cards are insufficient to meet the request.
Choose an action (reset, shuffle, get, exit):
> exit
Bye
?[1;31m
Start test 2?[0m
Choose an action (reset, shuffle, get, exit):
> get
Number of cards:
> 0
Invalid number of cards.
Choose an action (reset, shuffle, get, exit):
> get
Number of cards:
> one
Invalid number of cards.
Choose an action (reset, shuffle, get, exit):
> get
Number of cards:
> 53
Invalid number of cards.
Choose an action (reset, shuffle, get, exit):
> exit
Bye
?[1;31m
Start test 3?[0m
Choose an action (reset, shuffle, get, exit):
> action
Wrong action.
Choose an action (reset, shuffle, get, exit):
> game
Wrong action.
Choose an action (reset, shuffle, get, exit):
> exit
Bye
?[1;31m
Start test 4?[0m
Choose an action (reset, shuffle, get, exit):
> reset
Card deck is reset.
Choose an action (reset, shuffle, get, exit):
> shuffle
Card deck is shuffled.
Choose an action (reset, shuffle, get, exit):
> get
Number of cards:
> 52
6♥ J♦ 5♣ Q♠ Q♥ 10♥ 3♠ A♣ 4♣ K♦ 8♦ Q♣ 9♠ A♥ 5♦ 9♥ 7♦ 10♣ 4♠ 8♣ 7♥ 8♠ 2♣ 2♠ K♠ 6♦ K♣ 4♥ 4♦ 10♠ 9♦ 6♣ A♦ Q♦ 2♦ 3♥ 5♠ J♥ 7♠ 7♣ J♣ 8♥ 10♦ J♠ 3♣ A♠ 9♣ 6♠ 3♦ 2♥ 5♥ K♥
Choose an action (reset, shuffle, get, exit):
> exit
Bye
]]></system-out>
  <system-err><![CDATA[]]></system-err>
</testsuite>
