<?xml version="1.0" encoding="UTF-8"?>
<testsuite name="CardGameTest" tests="1" skipped="0" failures="0" errors="0" timestamp="2023-07-21T10:14:17" hostname="DESKTOP-I1PJDPK" time="0.247">
  <properties/>
  <testcase name="start" classname="CardGameTest" time="0.247"/>
  <system-out><![CDATA[?[1;31m
Start test 1?[0m
A 2 3 4 5 6 7 8 9 10 J Q K
♦ ♥ ♠ ♣
A♦ A♥ A♠ A♣ 2♦ 2♥ 2♠ 2♣ 3♦ 3♥ 3♠ 3♣ 4♦ 4♥ 4♠ 4♣ 5♦ 5♥ 5♠ 5♣ 6♦ 6♥ 6♠ 6♣ 7♦ 7♥ 7♠ 7♣ 8♦ 8♥ 8♠ 8♣ 9♦ 9♥ 9♠ 9♣ 10♦ 10♥ 10♠ 10♣ J♦ J♥ J♠ J♣ Q♦ Q♥ Q♠ Q♣ K♦ K♥ K♠ K♣
]]></system-out>
  <system-err><![CDATA[]]></system-err>
</testsuite>
